<?xml version="1.0" encoding="UTF-8"?>
<testng-results skipped="0" failed="0" ignored="0" total="1" passed="1">
  <reporter-output>
  </reporter-output>
  <suite name="Default suite" duration-ms="51683" started-at="2018-04-07T23:08:01Z" finished-at="2018-04-07T23:08:53Z">
    <groups>
    </groups>
    <test name="Default test" duration-ms="51683" started-at="2018-04-07T23:08:01Z" finished-at="2018-04-07T23:08:53Z">
      <class name="AutomationScripts.Automation_Test_SuiteOne">
        <test-method status="PASS" signature="SetUpPreDataMethod()[pri:0, instance:AutomationScripts.Automation_Test_SuiteOne@7cd62f43]" name="SetUpPreDataMethod" is-config="true" duration-ms="1030" started-at="2018-04-07T19:08:01Z" finished-at="2018-04-07T19:08:02Z">
          <reporter-output>
          </reporter-output>
        </test-method> <!-- SetUpPreDataMethod -->
        <test-method status="PASS" signature="TC_101_LoginCheck_AutomationObjectModel()[pri:0, instance:AutomationScripts.Automation_Test_SuiteOne@7cd62f43]" name="TC_101_LoginCheck_AutomationObjectModel" duration-ms="50613" started-at="2018-04-07T19:08:02Z" finished-at="2018-04-07T19:08:53Z">
          <reporter-output>
          </reporter-output>
        </test-method> <!-- TC_101_LoginCheck_AutomationObjectModel -->
      </class> <!-- AutomationScripts.Automation_Test_SuiteOne -->
    </test> <!-- Default test -->
  </suite> <!-- Default suite -->
</testng-results>
